SLF4J: Class path contains multiple SLF4J bindings.
SLF4J: Found binding in [jar:file:/home/hpre/projects/cmb/target/cmb-1.0-SNAPSHOT.jar!/org/slf4j/impl/StaticLoggerBinder.class]
SLF4J: Found binding in [jar:file:/home/hpre/projects/cmb/dependency/logback-classic-1.1.7.jar!/org/slf4j/impl/StaticLoggerBinder.class]
SLF4J: See http://www.slf4j.org/codes.html#multiple_bindings for an explanation.
SLF4J: Actual binding is of type [ch.qos.logback.classic.util.ContextSelectorStaticBinder]
INFO  [2017-03-01 06:57:34,779] org.eclipse.jetty.util.log: Logging initialized @969ms
INFO  [2017-03-01 06:57:34,830] io.dropwizard.server.DefaultServerFactory: Registering jersey handler with root path prefix: /
INFO  [2017-03-01 06:57:34,830] io.dropwizard.server.DefaultServerFactory: Registering admin handler with root path prefix: /
INFO  [2017-03-01 06:57:34,843] io.dropwizard.server.DefaultServerFactory: Registering jersey handler with root path prefix: /
INFO  [2017-03-01 06:57:34,843] io.dropwizard.server.DefaultServerFactory: Registering admin handler with root path prefix: /
INFO  [2017-03-01 06:57:34,844] io.dropwizard.server.ServerFactory: Starting cmb Server
INFO  [2017-03-01 06:57:34,914] org.eclipse.jetty.setuid.SetUIDListener: Opened application@60fa3495{HTTP/1.1,[http/1.1]}{0.0.0.0:22222}
INFO  [2017-03-01 06:57:34,915] org.eclipse.jetty.setuid.SetUIDListener: Opened admin@3e2822{HTTP/1.1,[http/1.1]}{0.0.0.0:24444}
INFO  [2017-03-01 06:57:34,916] org.eclipse.jetty.server.Server: jetty-9.3.z-SNAPSHOT
INFO  [2017-03-01 06:57:35,348] io.dropwizard.jersey.DropwizardResourceConfig: The following paths were found for the configured resources:

    POST    /api/cmb (services.CmbService)

INFO  [2017-03-01 06:57:35,349] org.eclipse.jetty.server.handler.ContextHandler: Started i.d.j.MutableServletContextHandler@6fd77352{/,null,AVAILABLE}
INFO  [2017-03-01 06:57:35,353] io.dropwizard.setup.AdminEnvironment: tasks = 

    POST    /tasks/log-level (io.dropwizard.servlets.tasks.LogConfigurationTask)
    POST    /tasks/gc (io.dropwizard.servlets.tasks.GarbageCollectionTask)

INFO  [2017-03-01 06:57:35,356] org.eclipse.jetty.server.handler.ContextHandler: Started i.d.j.MutableServletContextHandler@5e2f3be5{/,null,AVAILABLE}
INFO  [2017-03-01 06:57:35,366] org.eclipse.jetty.server.AbstractConnector: Started application@60fa3495{HTTP/1.1,[http/1.1]}{0.0.0.0:22222}
INFO  [2017-03-01 06:57:35,366] org.eclipse.jetty.server.AbstractConnector: Started admin@3e2822{HTTP/1.1,[http/1.1]}{0.0.0.0:24444}
INFO  [2017-03-01 06:57:35,366] org.eclipse.jetty.server.Server: Started @1557ms



审查业务背景




审核业务

关注国际政治经济区域形势的



用于流动资金周转
不得用于股权投资




关注企业经营情况
关注宏观经济境变化






127.0.0.1 - - [01/三月/2017:06:57:53 +0000] "POST /api/cmb HTTP/1.1" 200 198 "-" "Apache-HttpClient/4.5.2 (Java/1.8.0)" 820
